<?xml version="1.0" encoding="UTF-8"?>
<!-- Generated by org.testng.reporters.JUnitReportReporter -->
<testsuite skipped="0" hostname="Lenovo" name="com.esab.main.EsabBase" tests="1" failures="0" timestamp="24 Dec 2018 04:08:48 GMT" time="23.918" errors="0">
  <testcase name="esablaunch" time="23.918" classname="com.esab.main.EsabBase"/>
</testsuite> <!-- com.esab.main.EsabBase -->
