<?xml version="1.0" encoding="UTF-8"?>
<!-- Generated by org.testng.reporters.JUnitReportReporter -->
<testsuite skipped="0" hostname="Lenovo" name="com.esab.main.EsabBase" tests="1" failures="0" timestamp="25 Dec 2018 07:37:21 GMT" time="8.761" errors="0">
  <testcase name="esablaunch" time="8.761" classname="com.esab.main.EsabBase"/>
</testsuite> <!-- com.esab.main.EsabBase -->
